[2025-10-27 06:21:31] INFO: Application instance created
[2025-10-27 06:21:31] INFO: Configuration initialized
[2025-10-27 06:21:31] INFO: Application startup
[2025-10-27 06:21:31] INFO: Application setup started
[2025-10-27 06:21:31] INFO: Creating dashboard
[2025-10-27 06:21:31] INFO: Dashboard created successfully
[2025-10-27 06:21:31] INFO: Application setup completed
[2025-10-27 06:21:31] INFO: Application started
[2025-10-27 06:21:51] INFO: Application shutdown normally
[2025-10-27 06:22:11] INFO: Application instance created
[2025-10-27 06:22:11] INFO: Configuration initialized
[2025-10-27 06:22:11] INFO: Application startup
[2025-10-27 06:22:11] INFO: Application setup started
[2025-10-27 06:22:11] INFO: Creating dashboard
[2025-10-27 06:22:11] INFO: Dashboard created successfully
[2025-10-27 06:22:11] INFO: Application setup completed
[2025-10-27 06:22:11] INFO: Application started
[2025-10-27 06:23:12] INFO: Application shutdown normally
[2025-10-27 06:26:14] INFO: Application instance created
[2025-10-27 06:26:14] INFO: Configuration initialized
[2025-10-27 06:26:14] INFO: Application startup
[2025-10-27 06:26:14] INFO: Application setup started
[2025-10-27 06:26:14] INFO: Creating dashboard
[2025-10-27 06:26:14] INFO: Dashboard created successfully
[2025-10-27 06:26:14] INFO: Application setup completed
[2025-10-27 06:26:14] INFO: Application started
[2025-10-27 06:26:15] INFO: Application shutdown normally
[2025-10-27 06:26:15] INFO: Application instance created
[2025-10-27 06:26:15] INFO: Configuration initialized
[2025-10-27 06:26:15] INFO: Application startup
[2025-10-27 06:26:15] INFO: Application setup started
[2025-10-27 06:26:15] INFO: Creating dashboard
[2025-10-27 06:26:15] INFO: Dashboard created successfully
[2025-10-27 06:26:15] INFO: Application setup completed
[2025-10-27 06:26:15] INFO: Application started
[2025-10-27 06:26:16] INFO: Application shutdown normally
[2025-10-27 06:26:17] INFO: Application instance created
[2025-10-27 06:26:17] INFO: Configuration initialized
[2025-10-27 06:26:17] INFO: Application startup
[2025-10-27 06:26:17] INFO: Application setup started
[2025-10-27 06:26:17] INFO: Creating dashboard
[2025-10-27 06:26:17] INFO: Dashboard created successfully
[2025-10-27 06:26:17] INFO: Application setup completed
[2025-10-27 06:26:17] INFO: Application started
[2025-10-27 06:26:17] INFO: Application shutdown normally
[2025-10-27 06:26:18] INFO: Application instance created
[2025-10-27 06:26:18] INFO: Configuration initialized
[2025-10-27 06:26:18] INFO: Application startup
[2025-10-27 06:26:18] INFO: Application setup started
[2025-10-27 06:26:18] INFO: Creating dashboard
[2025-10-27 06:26:18] INFO: Dashboard created successfully
[2025-10-27 06:26:18] INFO: Application setup completed
[2025-10-27 06:26:18] INFO: Application started
[2025-10-27 06:26:19] INFO: Application shutdown normally
[2025-10-27 06:26:19] INFO: Application instance created
[2025-10-27 06:26:19] INFO: Configuration initialized
[2025-10-27 06:26:19] INFO: Application startup
[2025-10-27 06:26:19] INFO: Application setup started
[2025-10-27 06:26:19] INFO: Creating dashboard
[2025-10-27 06:26:19] INFO: Dashboard created successfully
[2025-10-27 06:26:19] INFO: Application setup completed
[2025-10-27 06:26:19] INFO: Application started
[2025-10-27 06:26:21] INFO: Application shutdown normally
[2025-10-27 06:26:23] INFO: Application instance created
[2025-10-27 06:26:23] INFO: Configuration initialized
[2025-10-27 06:26:23] INFO: Application startup
[2025-10-27 06:26:23] INFO: Application setup started
[2025-10-27 06:26:23] INFO: Creating dashboard
[2025-10-27 06:26:23] INFO: Dashboard created successfully
[2025-10-27 06:26:23] INFO: Application setup completed
[2025-10-27 06:26:23] INFO: Application started
[2025-10-27 06:26:28] INFO: Application shutdown normally
[2025-10-27 06:30:54] INFO: Application instance created
[2025-10-27 06:30:54] INFO: Configuration initialized
[2025-10-27 06:30:54] INFO: Application startup
[2025-10-27 06:30:54] INFO: Application setup started
[2025-10-27 06:30:54] INFO: Creating dashboard
[2025-10-27 06:30:54] INFO: Dashboard created successfully
[2025-10-27 06:30:54] INFO: Application setup completed
[2025-10-27 06:30:54] INFO: Application started
[2025-10-27 06:31:19] INFO: Application shutdown normally
[2025-10-27 06:33:39] INFO: Application instance created
[2025-10-27 06:33:39] INFO: Configuration initialized
[2025-10-27 06:33:39] INFO: Application startup
[2025-10-27 06:33:39] INFO: Application setup started
[2025-10-27 06:33:39] INFO: Creating dashboard
[2025-10-27 06:33:39] INFO: Dashboard created successfully
[2025-10-27 06:33:39] INFO: Application setup completed
[2025-10-27 06:33:39] INFO: Application started
[2025-10-27 06:35:29] INFO: Application shutdown normally
[2025-10-27 06:35:31] INFO: Application instance created
[2025-10-27 06:35:31] INFO: Configuration initialized
[2025-10-27 06:35:31] INFO: Application startup
[2025-10-27 06:35:31] INFO: Application setup started
[2025-10-27 06:35:31] INFO: Creating dashboard
[2025-10-27 06:35:31] INFO: Dashboard created successfully
[2025-10-27 06:35:31] INFO: Application setup completed
[2025-10-27 06:35:31] INFO: Application started
[2025-10-27 06:35:59] INFO: Application shutdown normally
[2025-10-27 06:39:02] INFO: Application instance created
[2025-10-27 06:39:02] INFO: Configuration initialized
[2025-10-27 06:39:02] INFO: Application startup
[2025-10-27 06:39:02] INFO: Application setup started
[2025-10-27 06:39:02] INFO: Creating dashboard
[2025-10-27 06:39:02] INFO: Dashboard created successfully
[2025-10-27 06:39:02] INFO: Application setup completed
[2025-10-27 06:39:02] INFO: Application started
[2025-10-27 06:39:53] INFO: Application shutdown normally
[2025-10-27 06:39:56] INFO: Application instance created
[2025-10-27 06:39:56] INFO: Configuration initialized
[2025-10-27 06:39:56] INFO: Application startup
[2025-10-27 06:39:56] INFO: Application setup started
[2025-10-27 06:39:56] INFO: Creating dashboard
[2025-10-27 06:39:56] INFO: Dashboard created successfully
[2025-10-27 06:39:56] INFO: Application setup completed
[2025-10-27 06:39:56] INFO: Application started
[2025-10-27 06:42:56] INFO: Application shutdown normally
[2025-10-27 06:43:02] INFO: Application instance created
[2025-10-27 06:43:02] INFO: Configuration initialized
[2025-10-27 06:43:02] INFO: Application startup
[2025-10-27 06:43:02] INFO: Application setup started
[2025-10-27 06:43:02] INFO: Creating dashboard
[2025-10-27 06:43:02] INFO: Dashboard created successfully
[2025-10-27 06:43:02] INFO: Application setup completed
[2025-10-27 06:43:02] INFO: Application started
[2025-10-27 06:43:18] INFO: Application shutdown normally
[2025-10-27 06:44:47] INFO: Application instance created
[2025-10-27 06:44:47] INFO: Configuration initialized
[2025-10-27 06:44:47] INFO: Application startup
[2025-10-27 06:44:47] INFO: Application setup started
[2025-10-27 06:44:47] INFO: Creating dashboard
[2025-10-27 06:44:47] INFO: Dashboard created successfully
[2025-10-27 06:44:47] INFO: Application setup completed
[2025-10-27 06:44:47] INFO: Application started
[2025-10-27 06:45:16] INFO: Application shutdown normally
[2025-10-27 06:48:29] INFO: Application instance created
[2025-10-27 06:48:29] INFO: Configuration initialized
[2025-10-27 06:48:29] INFO: Application startup
[2025-10-27 06:48:29] INFO: Application setup started
[2025-10-27 06:48:29] INFO: Creating dashboard
[2025-10-27 06:48:29] INFO: Dashboard created successfully
[2025-10-27 06:48:29] INFO: Application setup completed
[2025-10-27 06:48:29] INFO: Application started
[2025-10-27 06:48:36] INFO: Application shutdown normally
[2025-10-27 06:48:37] INFO: Application instance created
[2025-10-27 06:48:37] INFO: Configuration initialized
[2025-10-27 06:48:37] INFO: Application startup
[2025-10-27 06:48:37] INFO: Application setup started
[2025-10-27 06:48:37] INFO: Creating dashboard
[2025-10-27 06:48:37] INFO: Dashboard created successfully
[2025-10-27 06:48:37] INFO: Application setup completed
[2025-10-27 06:48:37] INFO: Application started
[2025-10-27 06:52:18] INFO: Application shutdown normally
[2025-10-27 06:52:22] INFO: Application instance created
[2025-10-27 06:52:22] INFO: Configuration initialized
[2025-10-27 06:52:22] INFO: Application startup
[2025-10-27 06:52:22] INFO: Application setup started
[2025-10-27 06:52:22] INFO: Creating dashboard
[2025-10-27 06:52:22] INFO: Dashboard created successfully
[2025-10-27 06:52:22] INFO: Application setup completed
[2025-10-27 06:52:22] INFO: Application started
[2025-10-27 06:53:52] INFO: Application shutdown normally
[2025-10-27 06:53:53] INFO: Application instance created
[2025-10-27 06:53:53] INFO: Configuration initialized
[2025-10-27 06:53:53] INFO: Application startup
[2025-10-27 06:53:53] INFO: Application setup started
[2025-10-27 06:53:53] INFO: Creating dashboard
[2025-10-27 06:53:53] INFO: Dashboard created successfully
[2025-10-27 06:53:53] INFO: Application setup completed
[2025-10-27 06:53:53] INFO: Application started
[2025-10-27 06:55:57] INFO: Application shutdown normally
[2025-10-27 06:56:06] INFO: Application instance created
[2025-10-27 06:56:06] INFO: Configuration initialized
[2025-10-27 06:56:06] INFO: Application startup
[2025-10-27 06:56:06] INFO: Application setup started
[2025-10-27 06:56:06] INFO: Creating dashboard
[2025-10-27 06:56:06] INFO: Dashboard created successfully
[2025-10-27 06:56:06] INFO: Application setup completed
[2025-10-27 06:56:06] INFO: Application started
[2025-10-27 06:57:56] INFO: Application shutdown normally
[2025-10-27 06:57:57] INFO: Application instance created
[2025-10-27 06:57:57] INFO: Configuration initialized
[2025-10-27 06:57:57] INFO: Application startup
[2025-10-27 06:57:57] INFO: Application setup started
[2025-10-27 06:57:57] INFO: Creating dashboard
[2025-10-27 06:57:57] INFO: Dashboard created successfully
[2025-10-27 06:57:57] INFO: Application setup completed
[2025-10-27 06:57:57] INFO: Application started
[2025-10-27 07:00:11] INFO: Application shutdown normally
[2025-10-27 07:00:15] INFO: Application instance created
[2025-10-27 07:00:15] INFO: Configuration initialized
[2025-10-27 07:00:15] INFO: Application startup
[2025-10-27 07:00:15] INFO: Application setup started
[2025-10-27 07:00:15] INFO: Creating dashboard
[2025-10-27 07:00:15] INFO: Dashboard created successfully
[2025-10-27 07:00:15] INFO: Application setup completed
[2025-10-27 07:00:15] INFO: Application started
[2025-10-27 07:00:50] INFO: Application shutdown normally
[2025-10-27 07:00:56] INFO: Application instance created
[2025-10-27 07:00:56] INFO: Configuration initialized
[2025-10-27 07:00:56] INFO: Application startup
[2025-10-27 07:00:56] INFO: Application setup started
[2025-10-27 07:00:56] INFO: Creating dashboard
[2025-10-27 07:00:56] INFO: Dashboard created successfully
[2025-10-27 07:00:56] INFO: Application setup completed
[2025-10-27 07:00:56] INFO: Application started
[2025-10-27 07:01:28] INFO: Application shutdown normally
[2025-10-27 07:01:30] INFO: Application instance created
[2025-10-27 07:01:30] INFO: Configuration initialized
[2025-10-27 07:01:30] INFO: Application startup
[2025-10-27 07:01:30] INFO: Application setup started
[2025-10-27 07:01:30] INFO: Creating dashboard
[2025-10-27 07:01:30] INFO: Dashboard created successfully
[2025-10-27 07:01:30] INFO: Application setup completed
[2025-10-27 07:01:30] INFO: Application started
[2025-10-27 07:02:48] INFO: Application shutdown normally
[2025-10-27 07:02:52] INFO: Application instance created
[2025-10-27 07:02:52] INFO: Configuration initialized
[2025-10-27 07:02:52] INFO: Application startup
[2025-10-27 07:02:52] INFO: Application setup started
[2025-10-27 07:02:52] INFO: Creating dashboard
[2025-10-27 07:02:52] INFO: Dashboard created successfully
[2025-10-27 07:02:52] INFO: Application setup completed
[2025-10-27 07:02:52] INFO: Application started
[2025-10-27 07:02:57] INFO: Application shutdown normally
[2025-10-27 07:03:56] INFO: Application instance created
[2025-10-27 07:03:56] INFO: Configuration initialized
[2025-10-27 07:03:56] INFO: Application startup
[2025-10-27 07:03:56] INFO: Application setup started
[2025-10-27 07:03:56] INFO: Creating dashboard
[2025-10-27 07:03:57] INFO: Dashboard created successfully
[2025-10-27 07:03:57] INFO: Application setup completed
[2025-10-27 07:03:57] INFO: Application started
[2025-10-27 07:06:00] INFO: Application shutdown normally
[2025-10-27 07:06:02] INFO: Application instance created
[2025-10-27 07:06:02] INFO: Configuration initialized
[2025-10-27 07:06:02] INFO: Application startup
[2025-10-27 07:06:02] INFO: Application setup started
[2025-10-27 07:06:02] INFO: Creating dashboard
[2025-10-27 07:06:02] INFO: Dashboard created successfully
[2025-10-27 07:06:02] INFO: Application setup completed
[2025-10-27 07:06:02] INFO: Application started
[2025-10-27 07:06:14] INFO: Application shutdown normally
[2025-10-27 07:06:15] INFO: Application instance created
[2025-10-27 07:06:15] INFO: Configuration initialized
[2025-10-27 07:06:15] INFO: Application startup
[2025-10-27 07:06:15] INFO: Application setup started
[2025-10-27 07:06:15] INFO: Creating dashboard
[2025-10-27 07:06:15] INFO: Dashboard created successfully
[2025-10-27 07:06:15] INFO: Application setup completed
[2025-10-27 07:06:15] INFO: Application started
[2025-10-27 07:07:18] INFO: Application shutdown normally
[2025-10-27 07:08:30] INFO: Application instance created
[2025-10-27 07:08:30] INFO: Configuration initialized
[2025-10-27 07:08:30] INFO: Application startup
[2025-10-27 07:08:30] INFO: Application setup started
[2025-10-27 07:08:30] INFO: Creating dashboard
[2025-10-27 07:08:30] INFO: Dashboard created successfully
[2025-10-27 07:08:30] INFO: Application setup completed
[2025-10-27 07:08:30] INFO: Application started
[2025-10-27 07:14:16] INFO: Application shutdown normally
[2025-10-27 07:14:19] INFO: Application instance created
[2025-10-27 07:14:19] INFO: Configuration initialized
[2025-10-27 07:14:19] INFO: Application startup
[2025-10-27 07:14:19] INFO: Application setup started
[2025-10-27 07:14:19] INFO: Creating dashboard
[2025-10-27 07:14:19] INFO: Dashboard created successfully
[2025-10-27 07:14:19] INFO: Application setup completed
[2025-10-27 07:14:19] INFO: Application started
[2025-10-27 07:15:57] INFO: Application shutdown normally
[2025-10-27 07:16:01] INFO: Application instance created
[2025-10-27 07:16:01] INFO: Configuration initialized
[2025-10-27 07:16:01] INFO: Application startup
[2025-10-27 07:16:01] INFO: Application setup started
[2025-10-27 07:16:01] INFO: Creating dashboard
[2025-10-27 07:16:01] INFO: Dashboard created successfully
[2025-10-27 07:16:01] INFO: Application setup completed
[2025-10-27 07:16:01] INFO: Application started
[2025-10-27 07:20:25] INFO: Application shutdown normally
[2025-10-27 07:20:25] INFO: Application instance created
[2025-10-27 07:20:25] INFO: Configuration initialized
[2025-10-27 07:20:25] INFO: Application startup
[2025-10-27 07:20:25] INFO: Application setup started
[2025-10-27 07:20:25] INFO: Creating dashboard
[2025-10-27 07:20:25] INFO: Dashboard created successfully
[2025-10-27 07:20:25] INFO: Application setup completed
[2025-10-27 07:20:25] INFO: Application started
[2025-10-27 07:21:27] INFO: Application shutdown normally
[2025-10-27 07:21:28] INFO: Application instance created
[2025-10-27 07:21:28] INFO: Configuration initialized
[2025-10-27 07:21:28] INFO: Application startup
[2025-10-27 07:21:28] INFO: Application setup started
[2025-10-27 07:21:28] INFO: Creating dashboard
[2025-10-27 07:21:28] INFO: Dashboard created successfully
[2025-10-27 07:21:28] INFO: Application setup completed
[2025-10-27 07:21:28] INFO: Application started
[2025-10-27 07:36:10] INFO: Application shutdown normally
[2025-10-27 07:36:11] INFO: Application instance created
[2025-10-27 07:36:11] INFO: Configuration initialized
[2025-10-27 07:36:11] INFO: Application startup
[2025-10-27 07:36:11] INFO: Application setup started
[2025-10-27 07:36:11] INFO: Creating dashboard
[2025-10-27 07:36:11] INFO: Dashboard created successfully
[2025-10-27 07:36:11] INFO: Application setup completed
[2025-10-27 07:36:11] INFO: Application started
[2025-10-27 07:38:38] INFO: Application shutdown normally
[2025-10-27 07:38:39] INFO: Application instance created
[2025-10-27 07:38:39] INFO: Configuration initialized
[2025-10-27 07:38:39] INFO: Application startup
[2025-10-27 07:38:39] INFO: Application setup started
[2025-10-27 07:38:39] INFO: Creating dashboard
[2025-10-27 07:38:39] INFO: Dashboard created successfully
[2025-10-27 07:38:39] INFO: Application setup completed
[2025-10-27 07:38:39] INFO: Application started
[2025-10-27 07:40:28] INFO: Application shutdown normally
[2025-10-27 07:40:29] INFO: Application instance created
[2025-10-27 07:40:29] INFO: Configuration initialized
[2025-10-27 07:40:29] INFO: Application startup
[2025-10-27 07:40:29] INFO: Application setup started
[2025-10-27 07:40:29] INFO: Creating dashboard
[2025-10-27 07:40:29] INFO: Dashboard created successfully
[2025-10-27 07:40:29] INFO: Application setup completed
[2025-10-27 07:40:29] INFO: Application started
[2025-10-27 07:41:53] INFO: Application shutdown normally
[2025-10-27 07:41:53] INFO: Application instance created
[2025-10-27 07:41:53] INFO: Configuration initialized
[2025-10-27 07:41:53] INFO: Application startup
[2025-10-27 07:41:53] INFO: Application setup started
[2025-10-27 07:41:53] INFO: Creating dashboard
[2025-10-27 07:41:53] INFO: Dashboard created successfully
[2025-10-27 07:41:53] INFO: Application setup completed
[2025-10-27 07:41:53] INFO: Application started
[2025-10-27 07:43:34] INFO: Application shutdown normally
[2025-10-27 07:43:36] INFO: Application instance created
[2025-10-27 07:43:36] INFO: Configuration initialized
[2025-10-27 07:43:36] INFO: Application startup
[2025-10-27 07:43:36] INFO: Application setup started
[2025-10-27 07:43:36] INFO: Creating dashboard
[2025-10-27 07:43:36] INFO: Dashboard created successfully
[2025-10-27 07:43:36] INFO: Application setup completed
[2025-10-27 07:43:36] INFO: Application started
[2025-10-27 07:45:53] INFO: Application shutdown normally
[2025-10-27 07:45:54] INFO: Application instance created
[2025-10-27 07:45:54] INFO: Configuration initialized
[2025-10-27 07:45:54] INFO: Application startup
[2025-10-27 07:45:54] INFO: Application setup started
[2025-10-27 07:45:54] INFO: Creating dashboard
[2025-10-27 07:45:54] INFO: Dashboard created successfully
[2025-10-27 07:45:54] INFO: Application setup completed
[2025-10-27 07:45:54] INFO: Application started
[2025-10-27 07:46:01] INFO: Application shutdown normally
[2025-10-27 07:46:53] INFO: Application instance created
[2025-10-27 07:46:53] INFO: Configuration initialized
[2025-10-27 07:46:53] INFO: Application startup
[2025-10-27 07:46:53] INFO: Application setup started
[2025-10-27 07:46:53] INFO: Creating dashboard
[2025-10-27 07:46:53] INFO: Dashboard created successfully
[2025-10-27 07:46:53] INFO: Application setup completed
[2025-10-27 07:46:53] INFO: Application started
[2025-10-27 07:48:59] INFO: Application shutdown normally
[2025-10-27 07:49:01] INFO: Application instance created
[2025-10-27 07:49:01] INFO: Configuration initialized
[2025-10-27 07:49:01] INFO: Application startup
[2025-10-27 07:49:01] INFO: Application setup started
[2025-10-27 07:49:01] INFO: Creating dashboard
[2025-10-27 07:49:01] INFO: Dashboard created successfully
[2025-10-27 07:49:01] INFO: Application setup completed
[2025-10-27 07:49:01] INFO: Application started
[2025-10-27 07:53:06] INFO: Application shutdown normally
[2025-10-27 07:53:07] INFO: Application instance created
[2025-10-27 07:53:07] INFO: Configuration initialized
[2025-10-27 07:53:07] INFO: Application startup
[2025-10-27 07:53:07] INFO: Application setup started
[2025-10-27 07:53:07] INFO: Creating dashboard
[2025-10-27 07:53:07] INFO: Dashboard created successfully
[2025-10-27 07:53:07] INFO: Application setup completed
[2025-10-27 07:53:07] INFO: Application started
[2025-10-27 07:56:07] INFO: Application shutdown normally
[2025-10-27 07:56:08] INFO: Application instance created
[2025-10-27 07:56:08] INFO: Configuration initialized
[2025-10-27 07:56:08] INFO: Application startup
[2025-10-27 07:56:08] INFO: Application setup started
[2025-10-27 07:56:08] INFO: Creating dashboard
[2025-10-27 07:56:08] INFO: Dashboard created successfully
[2025-10-27 07:56:08] INFO: Application setup completed
[2025-10-27 07:56:08] INFO: Application started
[2025-10-27 07:56:26] INFO: Application shutdown normally
[2025-10-27 08:04:18] INFO: Application instance created
[2025-10-27 08:04:18] INFO: Configuration initialized
[2025-10-27 08:04:18] INFO: Application startup
[2025-10-27 08:04:18] INFO: Application setup started
[2025-10-27 08:04:18] INFO: Creating dashboard
[2025-10-27 08:04:18] INFO: Dashboard created successfully
[2025-10-27 08:04:18] INFO: Application setup completed
[2025-10-27 08:04:18] INFO: Application started
[2025-10-27 08:04:43] INFO: Application shutdown normally
[2025-10-27 10:21:39] INFO: Application instance created
[2025-10-27 10:21:39] INFO: Configuration initialized
[2025-10-27 10:21:39] INFO: Application startup
[2025-10-27 10:21:39] INFO: Application setup started
[2025-10-27 10:21:39] INFO: Creating dashboard
[2025-10-27 10:21:39] INFO: Dashboard created successfully
[2025-10-27 10:21:39] INFO: Application setup completed
[2025-10-27 10:21:39] INFO: Application started
[2025-10-27 10:22:42] INFO: Application shutdown normally
[2025-10-27 10:33:47] INFO: Application instance created
[2025-10-27 10:33:47] INFO: Configuration initialized
[2025-10-27 10:33:47] INFO: Application startup
[2025-10-27 10:33:47] INFO: Application setup started
[2025-10-27 10:33:47] INFO: Creating dashboard
[2025-10-27 10:33:47] INFO: Dashboard created successfully
[2025-10-27 10:33:47] INFO: Application setup completed
[2025-10-27 10:33:47] INFO: Application started
[2025-10-27 10:36:52] INFO: Application shutdown normally
[2025-10-27 10:36:56] INFO: Application instance created
[2025-10-27 10:36:56] INFO: Configuration initialized
[2025-10-27 10:36:56] INFO: Application startup
[2025-10-27 10:36:56] INFO: Application setup started
[2025-10-27 10:36:56] INFO: Creating dashboard
[2025-10-27 10:36:56] INFO: Dashboard created successfully
[2025-10-27 10:36:56] INFO: Application setup completed
[2025-10-27 10:36:56] INFO: Application started
[2025-10-27 10:38:28] INFO: Application shutdown normally
[2025-10-27 10:38:29] INFO: Application instance created
[2025-10-27 10:38:29] INFO: Configuration initialized
[2025-10-27 10:38:29] INFO: Application startup
[2025-10-27 10:38:29] INFO: Application setup started
[2025-10-27 10:38:29] INFO: Creating dashboard
[2025-10-27 10:38:29] INFO: Dashboard created successfully
[2025-10-27 10:38:29] INFO: Application setup completed
[2025-10-27 10:38:29] INFO: Application started
[2025-10-27 10:38:30] INFO: Application shutdown normally
[2025-10-27 10:38:34] INFO: Application instance created
[2025-10-27 10:38:34] INFO: Configuration initialized
[2025-10-27 10:38:34] INFO: Application startup
[2025-10-27 10:38:34] INFO: Application setup started
[2025-10-27 10:38:34] INFO: Creating dashboard
[2025-10-27 10:38:34] INFO: Dashboard created successfully
[2025-10-27 10:38:34] INFO: Application setup completed
[2025-10-27 10:38:34] INFO: Application started
[2025-10-27 10:38:37] INFO: Application shutdown normally
[2025-10-27 10:38:41] INFO: Application instance created
[2025-10-27 10:38:41] INFO: Configuration initialized
[2025-10-27 10:38:41] INFO: Application startup
[2025-10-27 10:38:41] INFO: Application setup started
[2025-10-27 10:38:41] INFO: Creating dashboard
[2025-10-27 10:38:41] INFO: Dashboard created successfully
[2025-10-27 10:38:41] INFO: Application setup completed
[2025-10-27 10:38:41] INFO: Application started
[2025-10-27 10:38:42] INFO: Application shutdown normally
[2025-10-27 10:39:14] INFO: Application instance created
[2025-10-27 10:39:14] INFO: Configuration initialized
[2025-10-27 10:39:14] INFO: Application startup
[2025-10-27 10:39:14] INFO: Application setup started
[2025-10-27 10:39:14] INFO: Creating dashboard
[2025-10-27 10:39:14] INFO: Dashboard created successfully
[2025-10-27 10:39:14] INFO: Application setup completed
[2025-10-27 10:39:14] INFO: Application started
[2025-10-27 10:40:21] INFO: Application shutdown normally
[2025-10-27 10:40:32] INFO: Application instance created
[2025-10-27 10:40:32] INFO: Configuration initialized
[2025-10-27 10:40:32] INFO: Application startup
[2025-10-27 10:40:32] INFO: Application setup started
[2025-10-27 10:40:32] INFO: Creating dashboard
[2025-10-27 10:40:32] INFO: Dashboard created successfully
[2025-10-27 10:40:32] INFO: Application setup completed
[2025-10-27 10:40:32] INFO: Application started
[2025-10-27 10:40:34] INFO: Application shutdown normally
[2025-10-27 10:41:13] INFO: Application instance created
[2025-10-27 10:41:13] INFO: Configuration initialized
[2025-10-27 10:41:13] INFO: Application startup
[2025-10-27 10:41:13] INFO: Application setup started
[2025-10-27 10:41:13] INFO: Creating dashboard
[2025-10-27 10:41:13] INFO: Dashboard created successfully
[2025-10-27 10:41:13] INFO: Application setup completed
[2025-10-27 10:41:13] INFO: Application started
[2025-10-27 10:41:14] INFO: Application shutdown normally
[2025-10-27 10:41:16] INFO: Application instance created
[2025-10-27 10:41:16] INFO: Configuration initialized
[2025-10-27 10:41:16] INFO: Application startup
[2025-10-27 10:41:16] INFO: Application setup started
[2025-10-27 10:41:16] INFO: Creating dashboard
[2025-10-27 10:41:16] INFO: Dashboard created successfully
[2025-10-27 10:41:16] INFO: Application setup completed
[2025-10-27 10:41:16] INFO: Application started
[2025-10-27 10:41:17] INFO: Application shutdown normally
[2025-10-27 10:44:52] INFO: Application instance created
[2025-10-27 10:44:52] INFO: Configuration initialized
[2025-10-27 10:44:52] INFO: Application startup
[2025-10-27 10:44:52] INFO: Application setup started
[2025-10-27 10:44:52] INFO: Creating dashboard
[2025-10-27 10:44:52] INFO: Dashboard created successfully
[2025-10-27 10:44:52] INFO: Application setup completed
[2025-10-27 10:44:52] INFO: Application started
[2025-10-27 10:45:11] INFO: Application shutdown normally
