[2025-10-28 04:39:51] INFO: Application instance created
[2025-10-28 04:39:51] INFO: Configuration initialized
[2025-10-28 04:39:51] INFO: Application startup
[2025-10-28 04:39:51] INFO: Application setup started
[2025-10-28 04:39:51] INFO: Creating UI
[2025-10-28 04:39:51] INFO: UI created successfully
[2025-10-28 04:39:51] INFO: Application setup completed
[2025-10-28 04:39:51] INFO: Application started
[2025-10-28 04:42:14] INFO: Application shutdown normally
[2025-10-28 04:48:03] INFO: Application instance created
[2025-10-28 04:48:03] INFO: Configuration initialized
[2025-10-28 04:48:03] INFO: Application startup
[2025-10-28 04:48:03] INFO: Application setup started
[2025-10-28 04:48:03] INFO: Creating UI
[2025-10-28 04:48:03] INFO: UI created successfully
[2025-10-28 04:48:03] INFO: Application setup completed
[2025-10-28 04:48:03] INFO: Application started
[2025-10-28 04:49:24] INFO: Application instance created
[2025-10-28 04:49:24] INFO: Configuration initialized
[2025-10-28 04:49:24] INFO: Application startup
[2025-10-28 04:49:24] INFO: Application setup started
[2025-10-28 04:49:24] INFO: Creating UI
[2025-10-28 04:49:24] INFO: UI created successfully
[2025-10-28 04:49:24] INFO: Application setup completed
[2025-10-28 04:49:24] INFO: Application started
[2025-10-28 04:53:35] INFO: Application shutdown normally
[2025-10-28 04:53:38] INFO: Application instance created
[2025-10-28 04:53:38] INFO: Configuration initialized
[2025-10-28 04:53:38] INFO: Application startup
[2025-10-28 04:53:38] INFO: Application setup started
[2025-10-28 04:53:38] INFO: Creating UI
[2025-10-28 04:53:38] INFO: UI created successfully
[2025-10-28 04:53:38] INFO: Application setup completed
[2025-10-28 04:53:38] INFO: Application started
[2025-10-28 05:03:12] INFO: Application instance created
[2025-10-28 05:03:12] INFO: Configuration initialized
[2025-10-28 05:03:12] INFO: Application startup
[2025-10-28 05:03:12] INFO: Application setup started
[2025-10-28 05:03:12] INFO: Creating UI
[2025-10-28 05:07:28] INFO: Application instance created
[2025-10-28 05:07:28] INFO: Configuration initialized
[2025-10-28 05:07:28] INFO: Application startup
[2025-10-28 05:07:28] INFO: Application setup started
[2025-10-28 05:07:28] INFO: Creating UI
[2025-10-28 05:07:28] INFO: UI created successfully
[2025-10-28 05:07:28] INFO: Application setup completed
[2025-10-28 05:07:28] INFO: Application started
[2025-10-28 05:40:23] INFO: Application shutdown normally
[2025-10-28 05:40:31] INFO: Application instance created
[2025-10-28 05:40:31] INFO: Configuration initialized
[2025-10-28 05:40:31] INFO: Application startup
[2025-10-28 05:40:31] INFO: Application setup started
[2025-10-28 05:40:31] INFO: Creating UI
[2025-10-28 05:40:31] INFO: UI created successfully
[2025-10-28 05:40:31] INFO: Application setup completed
[2025-10-28 05:40:31] INFO: Application started
[2025-10-28 05:47:33] INFO: Application shutdown normally
[2025-10-28 05:47:33] INFO: Application instance created
[2025-10-28 05:47:33] INFO: Configuration initialized
[2025-10-28 05:47:33] INFO: Application startup
[2025-10-28 05:47:33] INFO: Application setup started
[2025-10-28 05:47:33] INFO: Creating UI
[2025-10-28 05:47:33] INFO: UI created successfully
[2025-10-28 05:47:33] INFO: Application setup completed
[2025-10-28 05:47:33] INFO: Application started
[2025-10-28 05:49:24] INFO: Application shutdown normally
[2025-10-28 05:49:28] INFO: Application instance created
[2025-10-28 05:49:28] INFO: Configuration initialized
[2025-10-28 05:49:28] INFO: Application startup
[2025-10-28 05:49:28] INFO: Application setup started
[2025-10-28 05:49:28] INFO: Creating UI
[2025-10-28 05:49:28] INFO: UI created successfully
[2025-10-28 05:49:28] INFO: Application setup completed
[2025-10-28 05:49:28] INFO: Application started
[2025-10-28 05:49:34] INFO: Application shutdown normally
[2025-10-28 05:49:35] INFO: Application instance created
[2025-10-28 05:49:35] INFO: Configuration initialized
[2025-10-28 05:49:35] INFO: Application startup
[2025-10-28 05:49:35] INFO: Application setup started
[2025-10-28 05:49:35] INFO: Creating UI
[2025-10-28 05:49:35] INFO: UI created successfully
[2025-10-28 05:49:35] INFO: Application setup completed
[2025-10-28 05:49:35] INFO: Application started
[2025-10-28 05:49:41] INFO: Application shutdown normally
[2025-10-28 05:51:18] INFO: Application instance created
[2025-10-28 05:51:18] INFO: Configuration initialized
[2025-10-28 05:51:18] INFO: Application startup
[2025-10-28 05:51:18] INFO: Application setup started
[2025-10-28 05:51:18] INFO: Creating UI
[2025-10-28 05:51:18] INFO: UI created successfully
[2025-10-28 05:51:18] INFO: Application setup completed
[2025-10-28 05:51:18] INFO: Application started
[2025-10-28 05:56:09] INFO: Application shutdown normally
[2025-10-28 05:56:17] INFO: Application instance created
[2025-10-28 05:56:17] INFO: Configuration initialized
[2025-10-28 05:56:17] INFO: Application startup
[2025-10-28 05:56:17] INFO: Application setup started
[2025-10-28 05:56:17] INFO: Creating UI
[2025-10-28 05:56:17] INFO: UI created successfully
[2025-10-28 05:56:17] INFO: Application setup completed
[2025-10-28 05:56:17] INFO: Application started
[2025-10-28 06:12:33] INFO: Application shutdown normally
[2025-10-28 06:12:35] INFO: Application instance created
[2025-10-28 06:12:35] INFO: Configuration initialized
[2025-10-28 06:12:35] INFO: Application startup
[2025-10-28 06:12:35] INFO: Application setup started
[2025-10-28 06:12:35] INFO: Creating UI
[2025-10-28 06:12:35] INFO: UI created successfully
[2025-10-28 06:12:35] INFO: Application setup completed
[2025-10-28 06:12:35] INFO: Application started
[2025-10-28 06:34:50] INFO: Application shutdown normally
[2025-10-28 06:34:54] INFO: Application instance created
[2025-10-28 06:34:54] INFO: Configuration initialized
[2025-10-28 06:34:54] INFO: Application startup
[2025-10-28 06:34:54] INFO: Application setup started
[2025-10-28 06:34:54] INFO: Creating UI
[2025-10-28 06:34:54] INFO: UI created successfully
[2025-10-28 06:34:54] INFO: Application setup completed
[2025-10-28 06:34:54] INFO: Application started
[2025-10-28 06:37:08] INFO: Application shutdown normally
[2025-10-28 06:37:11] INFO: Application instance created
[2025-10-28 06:37:11] INFO: Configuration initialized
[2025-10-28 06:37:11] INFO: Application startup
[2025-10-28 06:37:11] INFO: Application setup started
[2025-10-28 06:37:11] INFO: Creating UI
[2025-10-28 06:37:11] INFO: UI created successfully
[2025-10-28 06:37:11] INFO: Application setup completed
[2025-10-28 06:37:11] INFO: Application started
[2025-10-28 06:42:28] INFO: Application shutdown normally
[2025-10-28 06:42:31] INFO: Application instance created
[2025-10-28 06:42:31] INFO: Configuration initialized
[2025-10-28 06:42:31] INFO: Application startup
[2025-10-28 06:42:31] INFO: Application setup started
[2025-10-28 06:42:31] INFO: Creating UI
[2025-10-28 06:42:31] INFO: UI created successfully
[2025-10-28 06:42:31] INFO: Application setup completed
[2025-10-28 06:42:31] INFO: Application started
[2025-10-28 06:43:40] INFO: Application shutdown normally
[2025-10-28 06:43:41] INFO: Application instance created
[2025-10-28 06:43:41] INFO: Configuration initialized
[2025-10-28 06:43:41] INFO: Application startup
[2025-10-28 06:43:41] INFO: Application setup started
[2025-10-28 06:43:41] INFO: Creating UI
[2025-10-28 06:43:41] INFO: UI created successfully
[2025-10-28 06:43:41] INFO: Application setup completed
[2025-10-28 06:43:41] INFO: Application started
[2025-10-28 14:36:52] INFO: Application shutdown normally
[2025-10-28 14:37:07] INFO: Application shutdown normally
[2025-10-28 14:37:09] INFO: Application instance created
[2025-10-28 14:37:09] INFO: Configuration initialized
[2025-10-28 14:37:09] INFO: Application startup
[2025-10-28 14:37:09] INFO: Application setup started
[2025-10-28 14:37:09] INFO: Creating UI
[2025-10-28 14:37:09] INFO: UI created successfully
[2025-10-28 14:37:09] INFO: Application setup completed
[2025-10-28 14:37:09] INFO: Application started
[2025-10-28 14:48:24] INFO: Application shutdown normally
[2025-10-28 14:48:36] INFO: Application instance created
[2025-10-28 14:48:36] INFO: Configuration initialized
[2025-10-28 14:48:36] INFO: Application startup
[2025-10-28 14:48:36] INFO: Application setup started
[2025-10-28 14:48:36] INFO: Creating UI
[2025-10-28 14:48:36] INFO: UI created successfully
[2025-10-28 14:48:36] INFO: Application setup completed
[2025-10-28 14:48:36] INFO: Application started
[2025-10-28 14:59:49] INFO: Application shutdown normally
[2025-10-28 14:59:53] INFO: Application instance created
[2025-10-28 14:59:53] INFO: Configuration initialized
[2025-10-28 14:59:53] INFO: Application startup
[2025-10-28 14:59:53] INFO: Application setup started
[2025-10-28 14:59:53] INFO: Creating UI
[2025-10-28 14:59:53] INFO: UI created successfully
[2025-10-28 14:59:53] INFO: Application setup completed
[2025-10-28 14:59:53] INFO: Application started
[2025-10-28 15:06:15] INFO: Application shutdown normally
[2025-10-28 15:06:16] INFO: Application instance created
[2025-10-28 15:06:16] INFO: Configuration initialized
[2025-10-28 15:06:16] INFO: Application startup
[2025-10-28 15:06:16] INFO: Application setup started
[2025-10-28 15:06:16] INFO: Creating UI
[2025-10-28 15:06:16] INFO: UI created successfully
[2025-10-28 15:06:16] INFO: Application setup completed
[2025-10-28 15:06:16] INFO: Application started
[2025-10-28 15:07:03] INFO: Application shutdown normally
[2025-10-28 15:07:05] INFO: Application instance created
[2025-10-28 15:07:05] INFO: Configuration initialized
[2025-10-28 15:07:05] INFO: Application startup
[2025-10-28 15:07:05] INFO: Application setup started
[2025-10-28 15:07:05] INFO: Creating UI
[2025-10-28 15:07:05] INFO: UI created successfully
[2025-10-28 15:07:05] INFO: Application setup completed
[2025-10-28 15:07:05] INFO: Application started
[2025-10-28 15:07:58] INFO: Application shutdown normally
[2025-10-28 15:11:48] INFO: Application instance created
[2025-10-28 15:11:48] INFO: Configuration initialized
[2025-10-28 15:11:48] INFO: Application startup
[2025-10-28 15:11:48] INFO: Application setup started
[2025-10-28 15:11:48] INFO: Creating UI
[2025-10-28 15:11:48] INFO: UI created successfully
[2025-10-28 15:11:48] INFO: Application setup completed
[2025-10-28 15:11:48] INFO: Application started
[2025-10-28 15:16:20] INFO: Application shutdown normally
[2025-10-28 15:16:21] INFO: Application instance created
[2025-10-28 15:16:21] INFO: Configuration initialized
[2025-10-28 15:16:21] INFO: Application startup
[2025-10-28 15:16:21] INFO: Application setup started
[2025-10-28 15:16:21] INFO: Creating UI
[2025-10-28 15:16:21] INFO: UI created successfully
[2025-10-28 15:16:21] INFO: Application setup completed
[2025-10-28 15:16:21] INFO: Application started
[2025-10-28 15:21:56] INFO: Application instance created
[2025-10-28 15:21:56] INFO: Configuration initialized
[2025-10-28 15:21:56] INFO: Application startup
[2025-10-28 15:21:56] INFO: Application setup started
[2025-10-28 15:21:56] INFO: Creating UI
[2025-10-28 15:21:56] INFO: UI created successfully
[2025-10-28 15:21:56] INFO: Application setup completed
[2025-10-28 15:21:56] INFO: Application started
[2025-10-28 15:26:32] INFO: Application shutdown normally
[2025-10-28 15:37:04] INFO: Application shutdown normally
[2025-10-28 15:37:11] INFO: Application instance created
[2025-10-28 15:37:11] INFO: Configuration initialized
[2025-10-28 15:37:11] INFO: Application startup
[2025-10-28 15:37:11] INFO: Application setup started
[2025-10-28 15:37:11] INFO: Creating UI
[2025-10-28 15:37:11] INFO: UI created successfully
[2025-10-28 15:37:11] INFO: Application setup completed
[2025-10-28 15:37:11] INFO: Application started
[2025-10-28 15:43:39] INFO: Application instance created
[2025-10-28 15:43:39] INFO: Configuration initialized
[2025-10-28 15:43:39] INFO: Application startup
[2025-10-28 15:43:39] INFO: Application setup started
[2025-10-28 15:43:39] INFO: Creating UI
[2025-10-28 15:43:39] INFO: UI created successfully
[2025-10-28 15:43:39] INFO: Application setup completed
[2025-10-28 15:43:39] INFO: Application started
[2025-10-28 15:43:40] INFO: Application shutdown normally
[2025-10-28 15:43:40] INFO: Application instance created
[2025-10-28 15:43:40] INFO: Configuration initialized
[2025-10-28 15:43:40] INFO: Application startup
[2025-10-28 15:43:40] INFO: Application setup started
[2025-10-28 15:43:40] INFO: Creating UI
[2025-10-28 15:43:40] INFO: UI created successfully
[2025-10-28 15:43:40] INFO: Application setup completed
[2025-10-28 15:43:40] INFO: Application started
[2025-10-28 15:43:47] INFO: Application instance created
[2025-10-28 15:43:47] INFO: Configuration initialized
[2025-10-28 15:43:47] INFO: Application startup
[2025-10-28 15:43:47] INFO: Application setup started
[2025-10-28 15:43:47] INFO: Creating UI
[2025-10-28 15:43:47] INFO: UI created successfully
[2025-10-28 15:43:47] INFO: Application setup completed
[2025-10-28 15:43:47] INFO: Application started
[2025-10-28 15:47:21] INFO: Application shutdown normally
[2025-10-28 15:47:26] INFO: Application instance created
[2025-10-28 15:47:26] INFO: Configuration initialized
[2025-10-28 15:47:26] INFO: Application startup
[2025-10-28 15:47:26] INFO: Application setup started
[2025-10-28 15:47:26] INFO: Creating UI
[2025-10-28 15:47:26] INFO: UI created successfully
[2025-10-28 15:47:26] INFO: Application setup completed
[2025-10-28 15:47:26] INFO: Application started
[2025-10-28 15:53:58] INFO: Application shutdown normally
[2025-10-28 15:54:23] INFO: Application instance created
[2025-10-28 15:54:23] INFO: Configuration initialized
[2025-10-28 15:54:23] INFO: Application startup
[2025-10-28 15:54:23] INFO: Application setup started
[2025-10-28 15:54:23] INFO: Creating UI
[2025-10-28 15:54:23] INFO: UI created successfully
[2025-10-28 15:54:23] INFO: Application setup completed
[2025-10-28 15:54:23] INFO: Application started
[2025-10-28 15:56:18] INFO: Application shutdown normally
[2025-10-28 16:03:35] INFO: Application instance created
[2025-10-28 16:03:35] INFO: Configuration initialized
[2025-10-28 16:03:35] INFO: Application startup
[2025-10-28 16:03:35] INFO: Application setup started
[2025-10-28 16:03:35] INFO: Creating UI
[2025-10-28 16:03:35] INFO: UI created successfully
[2025-10-28 16:03:35] INFO: Application setup completed
[2025-10-28 16:03:35] INFO: Application started
[2025-10-28 16:06:41] INFO: Application shutdown normally
[2025-10-28 16:06:45] INFO: Application instance created
[2025-10-28 16:06:45] INFO: Configuration initialized
[2025-10-28 16:06:45] INFO: Application startup
[2025-10-28 16:06:45] INFO: Application setup started
[2025-10-28 16:06:45] INFO: Creating UI
[2025-10-28 16:06:45] INFO: UI created successfully
[2025-10-28 16:06:45] INFO: Application setup completed
[2025-10-28 16:06:45] INFO: Application started
[2025-10-28 16:07:57] INFO: Application instance created
[2025-10-28 16:07:57] INFO: Configuration initialized
[2025-10-28 16:07:57] INFO: Application startup
[2025-10-28 16:07:57] INFO: Application setup started
[2025-10-28 16:07:57] INFO: Creating UI
[2025-10-28 16:07:57] INFO: UI created successfully
[2025-10-28 16:07:57] INFO: Application setup completed
[2025-10-28 16:07:57] INFO: Application started
[2025-10-28 16:08:21] INFO: Application instance created
[2025-10-28 16:08:21] INFO: Configuration initialized
[2025-10-28 16:08:21] INFO: Application startup
[2025-10-28 16:08:21] INFO: Application setup started
[2025-10-28 16:08:21] INFO: Creating UI
[2025-10-28 16:08:21] INFO: UI created successfully
[2025-10-28 16:08:21] INFO: Application setup completed
[2025-10-28 16:08:21] INFO: Application started
[2025-10-28 16:14:59] INFO: Application shutdown normally
[2025-10-28 16:15:00] INFO: Application instance created
[2025-10-28 16:15:00] INFO: Configuration initialized
[2025-10-28 16:15:00] INFO: Application startup
[2025-10-28 16:15:00] INFO: Application setup started
[2025-10-28 16:15:00] INFO: Creating UI
[2025-10-28 16:15:00] INFO: UI created successfully
[2025-10-28 16:15:00] INFO: Application setup completed
[2025-10-28 16:15:00] INFO: Application started
[2025-10-28 16:16:13] INFO: Application instance created
[2025-10-28 16:16:13] INFO: Configuration initialized
[2025-10-28 16:16:13] INFO: Application startup
[2025-10-28 16:16:13] INFO: Application setup started
[2025-10-28 16:16:13] INFO: Creating UI
[2025-10-28 16:16:13] INFO: UI created successfully
[2025-10-28 16:16:13] INFO: Application setup completed
[2025-10-28 16:16:13] INFO: Application started
[2025-10-28 16:17:13] INFO: Application shutdown normally
[2025-10-28 16:17:21] INFO: Application instance created
[2025-10-28 16:17:21] INFO: Configuration initialized
[2025-10-28 16:17:21] INFO: Application startup
[2025-10-28 16:17:21] INFO: Application setup started
[2025-10-28 16:17:21] INFO: Creating UI
[2025-10-28 16:17:21] INFO: UI created successfully
[2025-10-28 16:17:21] INFO: Application setup completed
[2025-10-28 16:17:21] INFO: Application started
[2025-10-28 16:17:24] INFO: Application shutdown normally
[2025-10-28 16:19:09] INFO: Application instance created
[2025-10-28 16:19:09] INFO: Configuration initialized
[2025-10-28 16:19:09] INFO: Application startup
[2025-10-28 16:19:09] INFO: Application setup started
[2025-10-28 16:19:09] INFO: Creating UI
[2025-10-28 16:19:09] INFO: UI created successfully
[2025-10-28 16:19:09] INFO: Application setup completed
[2025-10-28 16:19:09] INFO: Application started
[2025-10-28 16:19:17] INFO: Application instance created
[2025-10-28 16:19:17] INFO: Configuration initialized
[2025-10-28 16:19:17] INFO: Application startup
[2025-10-28 16:19:17] INFO: Application setup started
[2025-10-28 16:19:17] INFO: Creating UI
[2025-10-28 16:19:17] INFO: UI created successfully
[2025-10-28 16:19:17] INFO: Application setup completed
[2025-10-28 16:19:17] INFO: Application started
[2025-10-28 16:21:05] INFO: Application instance created
[2025-10-28 16:21:05] INFO: Configuration initialized
[2025-10-28 16:21:05] INFO: Application startup
[2025-10-28 16:21:05] INFO: Application setup started
[2025-10-28 16:21:05] INFO: Creating UI
[2025-10-28 16:21:05] INFO: UI created successfully
[2025-10-28 16:21:05] INFO: Application setup completed
[2025-10-28 16:21:05] INFO: Application started
[2025-10-28 16:21:08] INFO: Application instance created
[2025-10-28 16:21:08] INFO: Configuration initialized
[2025-10-28 16:21:08] INFO: Application startup
[2025-10-28 16:21:08] INFO: Application setup started
[2025-10-28 16:21:08] INFO: Creating UI
[2025-10-28 16:21:08] INFO: UI created successfully
[2025-10-28 16:21:08] INFO: Application setup completed
[2025-10-28 16:21:08] INFO: Application started
[2025-10-28 16:22:17] INFO: Application instance created
[2025-10-28 16:22:17] INFO: Configuration initialized
[2025-10-28 16:22:17] INFO: Application startup
[2025-10-28 16:22:17] INFO: Application setup started
[2025-10-28 16:22:17] INFO: Creating UI
[2025-10-28 16:22:17] INFO: UI created successfully
[2025-10-28 16:22:17] INFO: Application setup completed
[2025-10-28 16:22:17] INFO: Application started
[2025-10-28 16:25:28] INFO: Application shutdown normally
[2025-10-28 16:25:32] INFO: Application instance created
[2025-10-28 16:25:32] INFO: Configuration initialized
[2025-10-28 16:25:32] INFO: Application startup
[2025-10-28 16:25:32] INFO: Application setup started
[2025-10-28 16:25:32] INFO: Creating UI
[2025-10-28 16:25:32] INFO: UI created successfully
[2025-10-28 16:25:32] INFO: Application setup completed
[2025-10-28 16:25:32] INFO: Application started
[2025-10-28 16:26:55] INFO: Application shutdown normally
[2025-10-28 16:26:56] INFO: Application instance created
[2025-10-28 16:26:56] INFO: Configuration initialized
[2025-10-28 16:26:56] INFO: Application startup
[2025-10-28 16:26:56] INFO: Application setup started
[2025-10-28 16:26:56] INFO: Creating UI
[2025-10-28 16:26:56] INFO: UI created successfully
[2025-10-28 16:26:56] INFO: Application setup completed
[2025-10-28 16:26:56] INFO: Application started
[2025-10-28 16:28:51] INFO: Application shutdown normally
[2025-10-28 16:28:54] INFO: Application instance created
[2025-10-28 16:28:54] INFO: Configuration initialized
[2025-10-28 16:28:54] INFO: Application startup
[2025-10-28 16:28:54] INFO: Application setup started
[2025-10-28 16:28:54] INFO: Creating UI
[2025-10-28 16:28:54] INFO: UI created successfully
[2025-10-28 16:28:54] INFO: Application setup completed
[2025-10-28 16:28:54] INFO: Application started
[2025-10-28 16:30:07] INFO: Application shutdown normally
